[2026-05-08 04:05:01] cron-insights: 47 active tenants
  tenant 7 (Ени Тихолов): 16 insights, 1065ms
  tenant 8 (Donela.bg): 0 insights, 52ms
  tenant 9 (Magazim luks): 0 insights, 44ms
  tenant 10 (Hcm): 0 insights, 42ms
  tenant 11 (Русанови): 0 insights, 46ms
  tenant 12 (Шена): 0 insights, 76ms
  tenant 13 (Maria): 0 insights, 74ms
  tenant 14 (Ники): 0 insights, 101ms
  tenant 15 (Дънков свят): 0 insights, 84ms
  tenant 16 (Magazin 1): 0 insights, 78ms
  tenant 17 (Aila): 0 insights, 52ms
  tenant 18 (Magazin2): 0 insights, 68ms
  tenant 19 (Magazin3): 0 insights, 65ms
  tenant 20 (Магазин4): 0 insights, 52ms
  tenant 21 (Магазин 5): 0 insights, 45ms
  tenant 22 (Магазин6): 0 insights, 28ms
  tenant 23 (Магазин 7): 0 insights, 26ms
  tenant 24 (Магазин8): 0 insights, 64ms
  tenant 25 (Pop): 0 insights, 76ms
  tenant 26 (Magazin9): 0 insights, 70ms
  tenant 27 (Maria): 0 insights, 68ms
  tenant 28 (Magazin 7): 0 insights, 64ms
  tenant 29 (Поп): 0 insights, 57ms
  tenant 30 (Магазин10): 0 insights, 52ms
  tenant 31 (Слдйд): 0 insights, 58ms
  tenant 32 (Йсхсб): 0 insights, 20ms
  tenant 33 (KJSDKJSDJS): 0 insights, 44ms
  tenant 34 (Hsgsg): 0 insights, 38ms
  tenant 35 (Tafaf): 0 insights, 49ms
  tenant 36 (Йджсбснкс): 0 insights, 36ms
  tenant 37 (Jshahah): 0 insights, 26ms
  tenant 38 (Hshshs): 0 insights, 31ms
  tenant 39 (Йсждисн): 0 insights, 44ms
  tenant 40 (Ксбсйс): 0 insights, 63ms
  tenant 41 (kjkja): 0 insights, 46ms
  tenant 42 (Ксхсйска): 0 insights, 44ms
  tenant 43 (Jahajaj): 0 insights, 39ms
  tenant 44 (asasaas): 0 insights, 31ms
  tenant 45 (Коко): 0 insights, 36ms
  tenant 46 (Maria): 0 insights, 38ms
  tenant 47 (Ени Тихолов): 0 insights, 44ms
  tenant 48 (Donela): 0 insights, 28ms
  tenant 49 (Retrutid): 0 insights, 23ms
  tenant 50 (Модна къща Иванови): 0 insights, 26ms
  tenant 51 (Hcm): 0 insights, 55ms
  tenant 52 (Тихолов 2): 0 insights, 62ms
  tenant 99 (DIAGNOSTIC_TEST_TENANT): 16 insights, 276ms
[2026-05-08 04:05:05] cron-insights DONE: ok, 3644ms, 47/0 tenants, 32 insights
[2026-05-08 05:05:01] cron-insights: 47 active tenants
  tenant 7 (Ени Тихолов): 16 insights, 426ms
  tenant 8 (Donela.bg): 0 insights, 19ms
  tenant 9 (Magazim luks): 0 insights, 25ms
  tenant 10 (Hcm): 0 insights, 16ms
  tenant 11 (Русанови): 0 insights, 18ms
  tenant 12 (Шена): 0 insights, 26ms
  tenant 13 (Maria): 0 insights, 29ms
  tenant 14 (Ники): 0 insights, 19ms
  tenant 15 (Дънков свят): 0 insights, 15ms
  tenant 16 (Magazin 1): 0 insights, 15ms
  tenant 17 (Aila): 0 insights, 12ms
  tenant 18 (Magazin2): 0 insights, 12ms
  tenant 19 (Magazin3): 0 insights, 11ms
  tenant 20 (Магазин4): 0 insights, 11ms
  tenant 21 (Магазин 5): 0 insights, 12ms
  tenant 22 (Магазин6): 0 insights, 11ms
  tenant 23 (Магазин 7): 0 insights, 11ms
  tenant 24 (Магазин8): 0 insights, 11ms
  tenant 25 (Pop): 0 insights, 16ms
  tenant 26 (Magazin9): 0 insights, 35ms
  tenant 27 (Maria): 0 insights, 27ms
  tenant 28 (Magazin 7): 0 insights, 24ms
  tenant 29 (Поп): 0 insights, 26ms
  tenant 30 (Магазин10): 0 insights, 25ms
  tenant 31 (Слдйд): 0 insights, 16ms
  tenant 32 (Йсхсб): 0 insights, 12ms
  tenant 33 (KJSDKJSDJS): 0 insights, 13ms
  tenant 34 (Hsgsg): 0 insights, 13ms
  tenant 35 (Tafaf): 0 insights, 29ms
  tenant 36 (Йджсбснкс): 0 insights, 16ms
  tenant 37 (Jshahah): 0 insights, 15ms
  tenant 38 (Hshshs): 0 insights, 11ms
  tenant 39 (Йсждисн): 0 insights, 12ms
  tenant 40 (Ксбсйс): 0 insights, 12ms
  tenant 41 (kjkja): 0 insights, 11ms
  tenant 42 (Ксхсйска): 0 insights, 12ms
  tenant 43 (Jahajaj): 0 insights, 10ms
  tenant 44 (asasaas): 0 insights, 12ms
  tenant 45 (Коко): 0 insights, 11ms
  tenant 46 (Maria): 0 insights, 16ms
  tenant 47 (Ени Тихолов): 0 insights, 13ms
  tenant 48 (Donela): 0 insights, 14ms
  tenant 49 (Retrutid): 0 insights, 11ms
  tenant 50 (Модна къща Иванови): 0 insights, 17ms
  tenant 51 (Hcm): 0 insights, 16ms
  tenant 52 (Тихолов 2): 0 insights, 15ms
  tenant 99 (DIAGNOSTIC_TEST_TENANT): 16 insights, 125ms
[2026-05-08 05:05:02] cron-insights DONE: ok, 1317ms, 47/0 tenants, 32 insights
